IntAlu 9 1 0 0
MemRead 5 3 13 b0e5840
MemRead 1 3 2 b1557c0
IntAlu 5 1 0 0
IntAlu 0 0 0 0
IntAlu 6 13 0 0
IntAlu 5 2 0 0
MemRead 7 4 6 b1631a8
MemRead 1 4 5 b2430a8
IntAlu 7 1 0 0
IntAlu 0 0 0 0
IntAlu 8 3 13 0
IntAlu 7 3 2 0
MemRead 10 8 0 b0e5841
MemRead 1 7 0 b1557c1
IntAlu 10 1 0 0
IntAlu 0 0 0 0
IntAlu 6 4 6 0
IntAlu 5 4 5 0
MemRead 10 6 0 b1631aa
MemRead 1 5 0 b2430aa
IntAlu 10 1 0 0
IntAlu 0 0 0 0
MemRead 10 8 0 b0e5842
MemRead 1 7 0 b1557c2
IntAlu 10 1 0 0
IntAlu 0 0 0 0
MemRead 10 6 0 b1631ac
MemRead 1 5 0 b2430ac
IntAlu 10 1 0 0
IntAlu 0 0 0 0
MemRead 10 8 0 b0e5843
MemRead 1 7 0 b1557c3
IntAlu 10 1 0 0
IntAlu 0 0 0 0
MemRead 10 6 0 b1631ae
MemRead 1 5 0 b2430ae
IntAlu 10 1 0 0
IntAlu 0 0 0 0
IntAlu 1 0 0 0
IntAlu 1 0 0 0
MemRead 5 14 0 beffd3d0
MemRead 6 14 0 beffd3d4
MemRead 7 14 0 beffd3d8
MemRead 8 14 0 beffd3dc
MemRead 9 14 0 beffd3e0
MemRead 10 14 0 beffd3e4
IntAlu 14 14 0 0
IntAlu 0 0 0 0
IntAlu 4 8 9 0
IntAlu 2 5 0 0
IntAlu 1 0 0 0
IntAlu 0 0 0 0
MemRead 13 14 0 beffd3f8
MemRead 3 5 0 b3b071c
IntAlu 13 4 0 0
MemRead 13 14 0 beffd3fc
IntAlu 9 4 0 0
MemWrite 0 3 5 b3b072c
MemRead 13 14 0 beffd400
IntAlu 5 5 13 0
IntAlu 0 0 0 0
MemRead 1 5 0 b3b070c
MemRead 2 14 0 beffd3f4
IntAlu 4 7 0 0
IntAlu 1 11 1 0
MemWrite 0 10 14 beffd3e8
MemWrite 0 12 14 beffd3ec
IntAlu 3 6 0 0
IntAlu 0 0 0 0
MemWrite 0 5 14 beffd3d0
MemWrite 0 6 14 beffd3d4
MemWrite 0 7 14 beffd3d8
MemWrite 0 8 14 beffd3dc
MemWrite 0 9 14 beffd3e0
MemWrite 0 10 14 beffd3e4
IntAlu 14 14 0 0
MemRead 13 3 2 b1557b4
MemRead 5 3 1 b13ca96
IntAlu 5 13 0 0
IntAlu 0 0 0 0
IntAlu 5 3 1 0
IntAlu 13 3 2 0
MemRead 7 5 0 b13ca97
MemRead 6 13 0 b1557b5
IntAlu 7 6 0 0
IntAlu 0 0 0 0
MemRead 7 5 0 b13ca98
MemRead 6 13 0 b1557b6
IntAlu 7 6 0 0
IntAlu 0 0 0 0
MemRead 7 5 0 b13ca99
MemRead 6 13 0 b1557b7
IntAlu 7 6 0 0
IntAlu 0 0 0 0
MemRead 7 5 0 b13ca9a
MemRead 6 13 0 b1557b8
IntAlu 7 6 0 0
IntAlu 0 0 0 0
MemRead 7 5 0 b13ca9b
